<?xml version="1.0" encoding="UTF-8"?>
<testsuite name="DemoMock" tests="1" skipped="0" failures="0" errors="0" timestamp="2020-09-17T12:58:48" hostname="Inspiron-15-3567" time="0.191">
  <properties/>
  <testcase name="givenAnimal_ShouldReturnSound" classname="DemoMock" time="0.191"/>
  <system-out><![CDATA[]]></system-out>
  <system-err><![CDATA[]]></system-err>
</testsuite>
